G75*
%MOIN*%
%OFA0B0*%
%FSLAX24Y24*%
%IPPOS*%
%LPD*%
%AMOC8*
5,1,8,0,0,1.08239X$1,22.5*
%
%ADD10C,0.0000*%
D10*
X000580Y000580D02*
X000580Y039950D01*
X032076Y039950D01*
X032076Y037587D01*
X029910Y037587D01*
X029910Y025776D01*
X032076Y025776D01*
X032076Y000580D01*
X000580Y000580D01*
X002414Y012784D02*
X002416Y012817D01*
X002422Y012849D01*
X002431Y012880D01*
X002444Y012910D01*
X002461Y012938D01*
X002481Y012964D01*
X002504Y012988D01*
X002529Y013008D01*
X002557Y013026D01*
X002586Y013040D01*
X002617Y013050D01*
X002649Y013057D01*
X002682Y013060D01*
X002715Y013059D01*
X002747Y013054D01*
X002778Y013045D01*
X002809Y013033D01*
X002837Y013017D01*
X002864Y012998D01*
X002888Y012976D01*
X002909Y012951D01*
X002928Y012924D01*
X002943Y012895D01*
X002954Y012865D01*
X002962Y012833D01*
X002966Y012800D01*
X002966Y012768D01*
X002962Y012735D01*
X002954Y012703D01*
X002943Y012673D01*
X002928Y012644D01*
X002909Y012617D01*
X002888Y012592D01*
X002864Y012570D01*
X002837Y012551D01*
X002809Y012535D01*
X002778Y012523D01*
X002747Y012514D01*
X002715Y012509D01*
X002682Y012508D01*
X002649Y012511D01*
X002617Y012518D01*
X002586Y012528D01*
X002557Y012542D01*
X002529Y012560D01*
X002504Y012580D01*
X002481Y012604D01*
X002461Y012630D01*
X002444Y012658D01*
X002431Y012688D01*
X002422Y012719D01*
X002416Y012751D01*
X002414Y012784D01*
X004414Y012784D02*
X004416Y012817D01*
X004422Y012849D01*
X004431Y012880D01*
X004444Y012910D01*
X004461Y012938D01*
X004481Y012964D01*
X004504Y012988D01*
X004529Y013008D01*
X004557Y013026D01*
X004586Y013040D01*
X004617Y013050D01*
X004649Y013057D01*
X004682Y013060D01*
X004715Y013059D01*
X004747Y013054D01*
X004778Y013045D01*
X004809Y013033D01*
X004837Y013017D01*
X004864Y012998D01*
X004888Y012976D01*
X004909Y012951D01*
X004928Y012924D01*
X004943Y012895D01*
X004954Y012865D01*
X004962Y012833D01*
X004966Y012800D01*
X004966Y012768D01*
X004962Y012735D01*
X004954Y012703D01*
X004943Y012673D01*
X004928Y012644D01*
X004909Y012617D01*
X004888Y012592D01*
X004864Y012570D01*
X004837Y012551D01*
X004809Y012535D01*
X004778Y012523D01*
X004747Y012514D01*
X004715Y012509D01*
X004682Y012508D01*
X004649Y012511D01*
X004617Y012518D01*
X004586Y012528D01*
X004557Y012542D01*
X004529Y012560D01*
X004504Y012580D01*
X004481Y012604D01*
X004461Y012630D01*
X004444Y012658D01*
X004431Y012688D01*
X004422Y012719D01*
X004416Y012751D01*
X004414Y012784D01*
X004398Y022824D02*
X004400Y022874D01*
X004406Y022924D01*
X004416Y022973D01*
X004430Y023021D01*
X004447Y023068D01*
X004468Y023113D01*
X004493Y023157D01*
X004521Y023198D01*
X004553Y023237D01*
X004587Y023274D01*
X004624Y023308D01*
X004664Y023338D01*
X004706Y023365D01*
X004750Y023389D01*
X004796Y023410D01*
X004843Y023426D01*
X004891Y023439D01*
X004941Y023448D01*
X004990Y023453D01*
X005041Y023454D01*
X005091Y023451D01*
X005140Y023444D01*
X005189Y023433D01*
X005237Y023418D01*
X005283Y023400D01*
X005328Y023378D01*
X005371Y023352D01*
X005412Y023323D01*
X005451Y023291D01*
X005487Y023256D01*
X005519Y023218D01*
X005549Y023178D01*
X005576Y023135D01*
X005599Y023091D01*
X005618Y023045D01*
X005634Y022997D01*
X005646Y022948D01*
X005654Y022899D01*
X005658Y022849D01*
X005658Y022799D01*
X005654Y022749D01*
X005646Y022700D01*
X005634Y022651D01*
X005618Y022603D01*
X005599Y022557D01*
X005576Y022513D01*
X005549Y022470D01*
X005519Y022430D01*
X005487Y022392D01*
X005451Y022357D01*
X005412Y022325D01*
X005371Y022296D01*
X005328Y022270D01*
X005283Y022248D01*
X005237Y022230D01*
X005189Y022215D01*
X005140Y022204D01*
X005091Y022197D01*
X005041Y022194D01*
X004990Y022195D01*
X004941Y022200D01*
X004891Y022209D01*
X004843Y022222D01*
X004796Y022238D01*
X004750Y022259D01*
X004706Y022283D01*
X004664Y022310D01*
X004624Y022340D01*
X004587Y022374D01*
X004553Y022411D01*
X004521Y022450D01*
X004493Y022491D01*
X004468Y022535D01*
X004447Y022580D01*
X004430Y022627D01*
X004416Y022675D01*
X004406Y022724D01*
X004400Y022774D01*
X004398Y022824D01*
X012942Y006485D02*
X012944Y006535D01*
X012950Y006585D01*
X012960Y006634D01*
X012974Y006682D01*
X012991Y006729D01*
X013012Y006774D01*
X013037Y006818D01*
X013065Y006859D01*
X013097Y006898D01*
X013131Y006935D01*
X013168Y006969D01*
X013208Y006999D01*
X013250Y007026D01*
X013294Y007050D01*
X013340Y007071D01*
X013387Y007087D01*
X013435Y007100D01*
X013485Y007109D01*
X013534Y007114D01*
X013585Y007115D01*
X013635Y007112D01*
X013684Y007105D01*
X013733Y007094D01*
X013781Y007079D01*
X013827Y007061D01*
X013872Y007039D01*
X013915Y007013D01*
X013956Y006984D01*
X013995Y006952D01*
X014031Y006917D01*
X014063Y006879D01*
X014093Y006839D01*
X014120Y006796D01*
X014143Y006752D01*
X014162Y006706D01*
X014178Y006658D01*
X014190Y006609D01*
X014198Y006560D01*
X014202Y006510D01*
X014202Y006460D01*
X014198Y006410D01*
X014190Y006361D01*
X014178Y006312D01*
X014162Y006264D01*
X014143Y006218D01*
X014120Y006174D01*
X014093Y006131D01*
X014063Y006091D01*
X014031Y006053D01*
X013995Y006018D01*
X013956Y005986D01*
X013915Y005957D01*
X013872Y005931D01*
X013827Y005909D01*
X013781Y005891D01*
X013733Y005876D01*
X013684Y005865D01*
X013635Y005858D01*
X013585Y005855D01*
X013534Y005856D01*
X013485Y005861D01*
X013435Y005870D01*
X013387Y005883D01*
X013340Y005899D01*
X013294Y005920D01*
X013250Y005944D01*
X013208Y005971D01*
X013168Y006001D01*
X013131Y006035D01*
X013097Y006072D01*
X013065Y006111D01*
X013037Y006152D01*
X013012Y006196D01*
X012991Y006241D01*
X012974Y006288D01*
X012960Y006336D01*
X012950Y006385D01*
X012944Y006435D01*
X012942Y006485D01*
X021524Y022863D02*
X021526Y022913D01*
X021532Y022963D01*
X021542Y023012D01*
X021556Y023060D01*
X021573Y023107D01*
X021594Y023152D01*
X021619Y023196D01*
X021647Y023237D01*
X021679Y023276D01*
X021713Y023313D01*
X021750Y023347D01*
X021790Y023377D01*
X021832Y023404D01*
X021876Y023428D01*
X021922Y023449D01*
X021969Y023465D01*
X022017Y023478D01*
X022067Y023487D01*
X022116Y023492D01*
X022167Y023493D01*
X022217Y023490D01*
X022266Y023483D01*
X022315Y023472D01*
X022363Y023457D01*
X022409Y023439D01*
X022454Y023417D01*
X022497Y023391D01*
X022538Y023362D01*
X022577Y023330D01*
X022613Y023295D01*
X022645Y023257D01*
X022675Y023217D01*
X022702Y023174D01*
X022725Y023130D01*
X022744Y023084D01*
X022760Y023036D01*
X022772Y022987D01*
X022780Y022938D01*
X022784Y022888D01*
X022784Y022838D01*
X022780Y022788D01*
X022772Y022739D01*
X022760Y022690D01*
X022744Y022642D01*
X022725Y022596D01*
X022702Y022552D01*
X022675Y022509D01*
X022645Y022469D01*
X022613Y022431D01*
X022577Y022396D01*
X022538Y022364D01*
X022497Y022335D01*
X022454Y022309D01*
X022409Y022287D01*
X022363Y022269D01*
X022315Y022254D01*
X022266Y022243D01*
X022217Y022236D01*
X022167Y022233D01*
X022116Y022234D01*
X022067Y022239D01*
X022017Y022248D01*
X021969Y022261D01*
X021922Y022277D01*
X021876Y022298D01*
X021832Y022322D01*
X021790Y022349D01*
X021750Y022379D01*
X021713Y022413D01*
X021679Y022450D01*
X021647Y022489D01*
X021619Y022530D01*
X021594Y022574D01*
X021573Y022619D01*
X021556Y022666D01*
X021542Y022714D01*
X021532Y022763D01*
X021526Y022813D01*
X021524Y022863D01*
M02*
